[1024/222049:ERROR:process_reader_win.cc(142)] SuspendThread: 拒绝访问。 (0x5)
[1024/222050:ERROR:process_reader_win.cc(114)] NtOpenThread: 指定无效的客户端 ID。  (0xc000000b)
[1024/222050:ERROR:process_reader_win.cc(114)] NtOpenThread: 指定无效的客户端 ID。  (0xc000000b)
[1024/222050:ERROR:process_reader_win.cc(233)] ReadMemory at 0x4ff06c of 8 bytes failed: 仅完成部分的 ReadProcessMemory 或 WriteProcessMemory 请求。 (0x12B)
[1024/222050:ERROR:exception_snapshot_win.cc(180)] EXCEPTION_POINTERS read failed
[1024/222050:WARNING:crash_report_exception_handler.cc(56)] ProcessSnapshotWin::Initialize failed
[1024/222050:ERROR:scoped_process_suspend.cc(38)] NtResumeProcess: 已尝试访问正在退出的过程。  (0xc000010a)
[1024/222049:ERROR:process_reader_win.cc(233)] ReadMemory at 0x74a7ab30 of 512 bytes failed: 仅完成部分的 ReadProcessMemory 或 WriteProcessMemory 请求。 (0x12B)
[1024/222050:ERROR:crash_report_exception_handler.cc(98)] WriteEverything failed
[1024/222050:ERROR:scoped_process_suspend.cc(38)] NtResumeProcess: 已尝试访问正在退出的过程。  (0xc000010a)
[1024/222049:ERROR:process_reader_win.cc(142)] SuspendThread: 拒绝访问。 (0x5)
[1024/222050:ERROR:process_reader_win.cc(114)] NtOpenThread: 指定无效的客户端 ID。  (0xc000000b)
[1024/222050:ERROR:process_reader_win.cc(114)] NtOpenThread: 指定无效的客户端 ID。  (0xc000000b)
[1024/222050:ERROR:process_reader_win.cc(233)] ReadMemory at 0x4feed4 of 8 bytes failed: 仅完成部分的 ReadProcessMemory 或 WriteProcessMemory 请求。 (0x12B)
[1024/222050:ERROR:exception_snapshot_win.cc(180)] EXCEPTION_POINTERS read failed
[1024/222050:WARNING:crash_report_exception_handler.cc(56)] ProcessSnapshotWin::Initialize failed
[1024/222050:ERROR:scoped_process_suspend.cc(38)] NtResumeProcess: 已尝试访问正在退出的过程。  (0xc000010a)
[1024/222049:ERROR:scoped_process_suspend.cc(38)] NtResumeProcess: 已尝试访问正在退出的过程。  (0xc000010a)
[1024/222050:ERROR:process_reader_win.cc(233)] ReadMemory at 0xdf5000 of 45056 bytes failed: 仅完成部分的 ReadProcessMemory 或 WriteProcessMemory 请求。 (0x12B)
[1024/222050:ERROR:crash_report_exception_handler.cc(98)] WriteEverything failed
[1024/222050:ERROR:scoped_process_suspend.cc(38)] NtResumeProcess: 已尝试访问正在退出的过程。  (0xc000010a)
[1024/222256:ERROR:http_transport_win.cc(50)] WinHttpSendRequest: 操作超时  (0x2EE2)
[1024/223218:ERROR:process_reader_win.cc(142)] SuspendThread: 拒绝访问。 (0x5)
[1024/223218:ERROR:process_reader_win.cc(142)] SuspendThread: 拒绝访问。 (0x5)
[1024/223218:ERROR:process_reader_win.cc(142)] SuspendThread: 拒绝访问。 (0x5)
[1024/223218:ERROR:process_reader_win.cc(233)] ReadMemory at 0x11d5000 of 45056 bytes failed: 仅完成部分的 ReadProcessMemory 或 WriteProcessMemory 请求。 (0x12B)
[1024/223218:ERROR:crash_report_exception_handler.cc(98)] WriteEverything failed
[1024/223218:ERROR:scoped_process_suspend.cc(38)] NtResumeProcess: 已尝试访问正在退出的过程。  (0xc000010a)
[1024/223218:ERROR:scoped_process_suspend.cc(38)] NtResumeProcess: 已尝试访问正在退出的过程。  (0xc000010a)
[1024/223218:ERROR:process_reader_win.cc(142)] SuspendThread: 拒绝访问。 (0x5)
[1024/223218:ERROR:process_reader_win.cc(114)] NtOpenThread: 指定无效的客户端 ID。  (0xc000000b)
[1024/223218:ERROR:process_reader_win.cc(114)] NtOpenThread: 指定无效的客户端 ID。  (0xc000000b)
[1024/223218:ERROR:process_reader_win.cc(233)] ReadMemory at 0xe9f124 of 8 bytes failed: 仅完成部分的 ReadProcessMemory 或 WriteProcessMemory 请求。 (0x12B)
[1024/223218:ERROR:exception_snapshot_win.cc(180)] EXCEPTION_POINTERS read failed
[1024/223218:WARNING:crash_report_exception_handler.cc(56)] ProcessSnapshotWin::Initialize failed
[1024/223218:ERROR:scoped_process_suspend.cc(38)] NtResumeProcess: 已尝试访问正在退出的过程。  (0xc000010a)
[1024/223414:ERROR:process_reader_win.cc(233)] ReadMemory at 0xdc6000 of 40960 bytes failed: 仅完成部分的 ReadProcessMemory 或 WriteProcessMemory 请求。 (0x12B)
[1024/223414:ERROR:crash_report_exception_handler.cc(98)] WriteEverything failed
[1024/223414:ERROR:scoped_process_suspend.cc(38)] NtResumeProcess: 已尝试访问正在退出的过程。  (0xc000010a)
[1024/223431:ERROR:process_reader_win.cc(142)] SuspendThread: 拒绝访问。 (0x5)
[1024/223431:ERROR:exception_snapshot_win.cc(87)] thread ID 53160 not found in process
[1024/223431:WARNING:crash_report_exception_handler.cc(56)] ProcessSnapshotWin::Initialize failed
[1024/223431:ERROR:scoped_process_suspend.cc(38)] NtResumeProcess: 已尝试访问正在退出的过程。  (0xc000010a)
[1024/223810:ERROR:process_reader_win.cc(142)] SuspendThread: 拒绝访问。 (0x5)
[1024/223810:ERROR:process_reader_win.cc(114)] NtOpenThread: 指定无效的客户端 ID。  (0xc000000b)
[1024/223810:ERROR:process_reader_win.cc(114)] NtOpenThread: 指定无效的客户端 ID。  (0xc000000b)
[1024/223810:ERROR:process_reader_win.cc(233)] ReadMemory at 0xeff2fc of 8 bytes failed: 仅完成部分的 ReadProcessMemory 或 WriteProcessMemory 请求。 (0x12B)
[1024/223810:ERROR:exception_snapshot_win.cc(180)] EXCEPTION_POINTERS read failed
[1024/223810:WARNING:crash_report_exception_handler.cc(56)] ProcessSnapshotWin::Initialize failed
[1024/223810:ERROR:scoped_process_suspend.cc(38)] NtResumeProcess: 已尝试访问正在退出的过程。  (0xc000010a)
[1024/223810:ERROR:process_reader_win.cc(233)] ReadMemory at 0x4f5000 of 45056 bytes failed: 仅完成部分的 ReadProcessMemory 或 WriteProcessMemory 请求。 (0x12B)
[1024/223810:ERROR:crash_report_exception_handler.cc(98)] WriteEverything failed
[1024/223810:ERROR:scoped_process_suspend.cc(38)] NtResumeProcess: 已尝试访问正在退出的过程。  (0xc000010a)
[1024/223810:ERROR:process_reader_win.cc(142)] SuspendThread: 拒绝访问。 (0x5)
[1024/223810:ERROR:process_reader_win.cc(114)] NtOpenThread: 指定无效的客户端 ID。  (0xc000000b)
[1024/223810:ERROR:process_reader_win.cc(114)] NtOpenThread: 指定无效的客户端 ID。  (0xc000000b)
[1024/223810:ERROR:process_reader_win.cc(233)] ReadMemory at 0xeff414 of 8 bytes failed: 仅完成部分的 ReadProcessMemory 或 WriteProcessMemory 请求。 (0x12B)
[1024/223810:ERROR:exception_snapshot_win.cc(180)] EXCEPTION_POINTERS read failed
[1024/223810:WARNING:crash_report_exception_handler.cc(56)] ProcessSnapshotWin::Initialize failed
[1024/223810:ERROR:scoped_process_suspend.cc(38)] NtResumeProcess: 已尝试访问正在退出的过程。  (0xc000010a)
[1120/185944:ERROR:process_reader_win.cc(142)] SuspendThread: 拒绝访问。 (0x5)
[1120/185944:ERROR:process_reader_win.cc(142)] SuspendThread: 拒绝访问。 (0x5)
[1120/185944:ERROR:process_reader_win.cc(142)] SuspendThread: 拒绝访问。 (0x5)
[1120/185944:ERROR:scoped_process_suspend.cc(38)] NtResumeProcess: 已尝试访问正在退出的过程。  (0xc000010a)
[1120/185944:ERROR:process_reader_win.cc(233)] ReadMemory at 0x4f6000 of 40960 bytes failed: 仅完成部分的 ReadProcessMemory 或 WriteProcessMemory 请求。 (0x12B)
[1120/185944:ERROR:crash_report_exception_handler.cc(98)] WriteEverything failed
[1120/185944:ERROR:scoped_process_suspend.cc(38)] NtResumeProcess: 已尝试访问正在退出的过程。  (0xc000010a)
